C51 COMPILER V9.00   EXIT                                                                  09/18/2019 13:46:05 PAGE 1   


C51 COMPILER V9.00, COMPILATION OF MODULE EXIT
OBJECT MODULE PLACED IN .\output\exit.obj
COMPILER INVOKED BY: E:\KEIL4\C51\BIN\C51.EXE ..\user_lib\exit\exit.c BROWSE INCDIR(..\main;..\user_lib\delay;..\user_li
                    -b\exit;..\user_lib\key;..\user_lib\led) DEBUG OBJECTEXTEND PRINT(.\exit.lst) OBJECT(.\output\exit.obj)

line level    source

   1          /***************************************************
   2           *         Author: Hoky GUAN                       *
   3           *         Date  : 2019/7/25                       *
   4           *         Last  : 2019/7/25                       *
   5           *         Notes : exit.c                          *
   6           **************************************************/
   7          #include "exit.h"
   8          #include "delay.h"
   9          #include "sys.h"
  10          
  11          void exit_init()
  12          {
  13   1              EA = 1; 
  14   1              IT1 = 1;
  15   1              EX1 = 1;        
  16   1      }
  17          
  18          void exit_enable(char enable)
  19          {
  20   1              if(enable == TRUE)
  21   1              {
  22   2                      exit_init();
  23   2              }
  24   1              else
  25   1                      EA = 0;
  26   1      }
  27          
  28          void exit1() interrupt 2
  29          {
  30   1              delay_ms(10);
  31   1              if(GPIO_ReadInputDataBit(P33) == 0)
  32   1              {
  33   2                      GPIO_SetBits(P22);
  34   2                      delay_ms(100);
  35   2                      GPIO_ResetBits(P22);
  36   2              }
  37   1      }


MODULE INFORMATION:   STATIC OVERLAYABLE
   CODE SIZE        =     93    ----
   CONSTANT SIZE    =   ----    ----
   XDATA SIZE       =   ----    ----
   PDATA SIZE       =   ----    ----
   DATA SIZE        =   ----    ----
   IDATA SIZE       =   ----    ----
   BIT SIZE         =   ----    ----
END OF MODULE INFORMATION.


C51 COMPILATION COMPLETE.  0 WARNING(S),  0 ERROR(S)
