C51 COMPILER V9.00   KEY                                                                   09/18/2019 13:46:05 PAGE 1   


C51 COMPILER V9.00, COMPILATION OF MODULE KEY
OBJECT MODULE PLACED IN .\output\key.obj
COMPILER INVOKED BY: E:\KEIL4\C51\BIN\C51.EXE ..\user_lib\key\key.c BROWSE INCDIR(..\main;..\user_lib\delay;..\user_lib\
                    -exit;..\user_lib\key;..\user_lib\led) DEBUG OBJECTEXTEND PRINT(.\key.lst) OBJECT(.\output\key.obj)

line level    source

   1          /***************************************************
   2           *         Author: Hoky GUAN                       *
   3           *         Date  : 2019/7/25                       *
   4           *         Last  : 2019/7/25                       *
   5           *         Notes : key.c                           *
   6           **************************************************/
   7          #include "key.h"
   8          #include "sys.h"
   9          
  10          void key_init()
  11          {
  12   1                                                      
  13   1      }
  14          
  15          void key_enable(char enable)
  16          {
  17   1              if(enable == TRUE)
  18   1              {
  19   2                      key_init();
  20   2              }
  21   1      }


MODULE INFORMATION:   STATIC OVERLAYABLE
   CODE SIZE        =      8    ----
   CONSTANT SIZE    =   ----    ----
   XDATA SIZE       =   ----    ----
   PDATA SIZE       =   ----    ----
   DATA SIZE        =   ----    ----
   IDATA SIZE       =   ----    ----
   BIT SIZE         =   ----    ----
END OF MODULE INFORMATION.


C51 COMPILATION COMPLETE.  0 WARNING(S),  0 ERROR(S)
