C51 COMPILER V9.00   MAIN                                                                  08/28/2019 14:41:55 PAGE 1   


C51 COMPILER V9.00, COMPILATION OF MODULE MAIN
OBJECT MODULE PLACED IN .\output\main.obj
COMPILER INVOKED BY: E:\KEIL4\C51\BIN\C51.EXE ..\main\main.c BROWSE INCDIR(..\main;..\user_lib\delay;..\user_lib\exit;..
                    -\user_lib\key;..\user_lib\led) DEBUG OBJECTEXTEND PRINT(.\main.lst) OBJECT(.\output\main.obj)

line level    source

   1          #include <reg52.h>
   2          #include "sys.h"
   3          #include "delay.h"
   4          #include "key.h"
   5          #include "led.h"
   6          #include "exit.h"
   7          
   8          void main()
   9          {
  10   1              led_enable(TRUE);
  11   1              key_enable(TRUE);
  12   1              exit_enable(TRUE);
  13   1              for(;;)
  14   1              {
  15   2                      ;
  16   2              }
  17   1      }


MODULE INFORMATION:   STATIC OVERLAYABLE
   CODE SIZE        =     17    ----
   CONSTANT SIZE    =   ----    ----
   XDATA SIZE       =   ----    ----
   PDATA SIZE       =   ----    ----
   DATA SIZE        =   ----    ----
   IDATA SIZE       =   ----    ----
   BIT SIZE         =   ----    ----
END OF MODULE INFORMATION.


C51 COMPILATION COMPLETE.  0 WARNING(S),  0 ERROR(S)
