C51 COMPILER V9.00   SPI                                                                   08/31/2019 16:17:41 PAGE 1   


C51 COMPILER V9.00, COMPILATION OF MODULE SPI
OBJECT MODULE PLACED IN .\output\spi.obj
COMPILER INVOKED BY: E:\KEIL4\C51\BIN\C51.EXE ..\user_lib\spi\spi.c COMPACT BROWSE INCDIR(..\main;..\user_lib\delay;..\u
                    -ser_lib\spi;..\user_lib\usart;..\user_lib\w25qxx) DEBUG OBJECTEXTEND PRINT(.\spi.lst) OBJECT(.\output\spi.obj)

line level    source

   1          /***************************************************
   2           *         Author: Hoky GUAN                       *
   3           *         Date  : 2019/7/15                       *
   4           *         Last  : 2019/7/15                       *
   5           *         Notes : spi.c                           *
   6           **************************************************/
   7          #include "sys.h"
   8          #include "spi.h"
   9          
  10          void SPI_Init()
  11          {
  12   1              GPIO_SetBits(P03);
  13   1              GPIO_SetBits(P00);
  14   1              GPIO_ResetBits(P02); 
  15   1      }
  16          
  17          void spi_enable(char enable)
  18          {
  19   1              if(enable == TRUE)
  20   1              {
  21   2                      SPI_Init();
  22   2              }
  23   1      }
  24          
  25          unsigned char spi_read_write_byte(unsigned char value)
  26          {
  27   1          unsigned char i=0, temp=0;
  28   1          GPIO_ResetBits(P02);
  29   1          if(GPIO_ReadInputDataBit(P01) == 1)
  30   1                      temp|=0x80;
  31   1          for(i=0;i<8;i++)
  32   1          {
  33   2              P00=value&(0x80>>i);
  34   2              GPIO_SetBits(P02);
  35   2              GPIO_ResetBits(P02);
  36   2              if(i<7)
  37   2                              if(GPIO_ReadInputDataBit(P01) == 1)
  38   2                                      temp|=0x80>>(i+1);
  39   2          }
  40   1          return temp;
  41   1      }


MODULE INFORMATION:   STATIC OVERLAYABLE
   CODE SIZE        =     94    ----
   CONSTANT SIZE    =   ----    ----
   XDATA SIZE       =   ----    ----
   PDATA SIZE       =   ----    ----
   DATA SIZE        =   ----    ----
   IDATA SIZE       =   ----    ----
   BIT SIZE         =   ----    ----
END OF MODULE INFORMATION.


C51 COMPILATION COMPLETE.  0 WARNING(S),  0 ERROR(S)
