C51 COMPILER V9.00   LED                                                                   08/24/2019 23:32:49 PAGE 1   


C51 COMPILER V9.00, COMPILATION OF MODULE LED
OBJECT MODULE PLACED IN .\output\led.obj
COMPILER INVOKED BY: E:\KEIL4\C51\BIN\C51.EXE ..\user_lib\led\led.c BROWSE INCDIR(..\user_lib\delay;..\user_lib\key;..\u
                    -ser_lib\led;..\main) DEBUG OBJECTEXTEND PRINT(.\led.lst) OBJECT(.\output\led.obj)

line level    source

   1          #include "led.h"
   2          #include "sys.h"
   3          
   4          void led_init()
   5          {
   6   1              P22 = 0;
   7   1              P24 = 0;
   8   1      }
   9          
  10          void led_enable(char enable)
  11          {
  12   1              if(enable == TRUE)
  13   1              {
  14   2                      led_init();
  15   2              }
  16   1      }


MODULE INFORMATION:   STATIC OVERLAYABLE
   CODE SIZE        =     12    ----
   CONSTANT SIZE    =   ----    ----
   XDATA SIZE       =   ----    ----
   PDATA SIZE       =   ----    ----
   DATA SIZE        =   ----    ----
   IDATA SIZE       =   ----    ----
   BIT SIZE         =   ----    ----
END OF MODULE INFORMATION.


C51 COMPILATION COMPLETE.  0 WARNING(S),  0 ERROR(S)
