C51 COMPILER V9.00   MAIN                                                                  08/23/2019 11:33:10 PAGE 1   


C51 COMPILER V9.00, COMPILATION OF MODULE MAIN
OBJECT MODULE PLACED IN .\output\main.obj
COMPILER INVOKED BY: E:\KEIL4\C51\BIN\C51.EXE ..\main\main.c BROWSE INCDIR(..\user_lib\delay;..\user_lib\led;..\main) DE
                    -BUG OBJECTEXTEND PRINT(.\main.lst) OBJECT(.\output\main.obj)

line level    source

   1          #include <reg52.h>
   2          #include "sys.h"
   3          #include "delay.h"
   4          
   5          void main()
   6          {
   7   1              while(1)
   8   1              {
   9   2                      GPIO_SetBits(P22);
  10   2                      delay_ms(1000);
  11   2                      GPIO_ResetBits(P22);
  12   2                      delay_ms(1000);
  13   2              }
  14   1      }


MODULE INFORMATION:   STATIC OVERLAYABLE
   CODE SIZE        =     20    ----
   CONSTANT SIZE    =   ----    ----
   XDATA SIZE       =   ----    ----
   PDATA SIZE       =   ----    ----
   DATA SIZE        =   ----    ----
   IDATA SIZE       =   ----    ----
   BIT SIZE         =   ----    ----
END OF MODULE INFORMATION.


C51 COMPILATION COMPLETE.  0 WARNING(S),  0 ERROR(S)
