C51 COMPILER V9.00   MAIN                                                                  08/21/2019 16:46:44 PAGE 1   


C51 COMPILER V9.00, COMPILATION OF MODULE MAIN
OBJECT MODULE PLACED IN .\main.obj
COMPILER INVOKED BY: E:\KEIL4\C51\BIN\C51.EXE ..\main\main.c BROWSE DEBUG OBJECTEXTEND PRINT(.\main.lst) OBJECT(.\main.o
                    -bj)

line level    source

   1          #include <reg52.h>
   2          
   3          void main()
   4          {
   5   1              while(1);
   6   1      }


MODULE INFORMATION:   STATIC OVERLAYABLE
   CODE SIZE        =      2    ----
   CONSTANT SIZE    =   ----    ----
   XDATA SIZE       =   ----    ----
   PDATA SIZE       =   ----    ----
   DATA SIZE        =   ----    ----
   IDATA SIZE       =   ----    ----
   BIT SIZE         =   ----    ----
END OF MODULE INFORMATION.


C51 COMPILATION COMPLETE.  0 WARNING(S),  0 ERROR(S)
