C51 COMPILER V9.00   LED                                                                   08/28/2019 16:25:12 PAGE 1   


C51 COMPILER V9.00, COMPILATION OF MODULE LED
OBJECT MODULE PLACED IN .\output\led.obj
COMPILER INVOKED BY: E:\KEIL4\C51\BIN\C51.EXE ..\user_lib\led\led.c BROWSE INCDIR(..\main;..\user_lib\delay;..\user_lib\
                    -led;..\user_lib\timer) DEBUG OBJECTEXTEND PRINT(.\led.lst) OBJECT(.\output\led.obj)

line level    source

   1          /***************************************************
   2           *         Author: Hoky GUAN                       *
   3           *         Date  : 2019/7/25                       *
   4           *         Last  : 2019/7/25                       *
   5           *         Notes : led.c                           *
   6           **************************************************/
   7          #include "led.h"
   8          #include "sys.h"
   9          
  10          void led_init()
  11          {
  12   1              GPIO_ResetBits(P22);
  13   1              GPIO_ResetBits(P24);
  14   1      }
  15          
  16          void led_enable(char enable)
  17          {
  18   1              if(enable == TRUE)
  19   1              {
  20   2                      led_init();
  21   2              }
  22   1      }


MODULE INFORMATION:   STATIC OVERLAYABLE
   CODE SIZE        =     12    ----
   CONSTANT SIZE    =   ----    ----
   XDATA SIZE       =   ----    ----
   PDATA SIZE       =   ----    ----
   DATA SIZE        =   ----    ----
   IDATA SIZE       =   ----    ----
   BIT SIZE         =   ----    ----
END OF MODULE INFORMATION.


C51 COMPILATION COMPLETE.  0 WARNING(S),  0 ERROR(S)
