C51 COMPILER V9.00   TIMER                                                                 08/28/2019 16:25:12 PAGE 1   


C51 COMPILER V9.00, COMPILATION OF MODULE TIMER
OBJECT MODULE PLACED IN .\output\timer.obj
COMPILER INVOKED BY: E:\KEIL4\C51\BIN\C51.EXE ..\user_lib\timer\timer.c BROWSE INCDIR(..\main;..\user_lib\delay;..\user_
                    -lib\led;..\user_lib\timer) DEBUG OBJECTEXTEND PRINT(.\timer.lst) OBJECT(.\output\timer.obj)

line level    source

   1          /***************************************************
   2           *         Author: Hoky GUAN                       *
   3           *         Date  : 2019/7/25                       *
   4           *         Last  : 2019/7/25                       *
   5           *         Notes : timer.c                         *
   6           **************************************************/
   7          #include "timer.h"
   8          #include "delay.h"
   9          #include "sys.h"
  10          
  11          unsigned char flag, i = 20;
  12          
  13          void timer_init()
  14          {
  15   1              TMOD = 0x01;
  16   1              ET0 = 1;
  17   1              EA = 1;
  18   1              TH0 = 0x3C;
  19   1              TL0 = 0xAF;
  20   1              TF0 = 0;
  21   1              TR0 = 1;                
  22   1      }
  23          
  24          void timer_enable(char enable)
  25          {
  26   1              if(enable == TRUE)
  27   1              {
  28   2                      timer_init();
  29   2              }
  30   1      }
  31          
  32          void timer()interrupt 1
  33          {
  34   1              TR0 = 0;
  35   1              TH0 = 0x3C;
  36   1              TL0 = 0xAF;
  37   1              i--;
  38   1              if(i == 0)
  39   1              {
  40   2                      i = 20;
  41   2                      GPIO_SetBits(P12);
  42   2                      delay_ms(100);
  43   2              }
  44   1              TR0 = 1;
  45   1      }
  46          


MODULE INFORMATION:   STATIC OVERLAYABLE
   CODE SIZE        =    106    ----
   CONSTANT SIZE    =   ----    ----
   XDATA SIZE       =   ----    ----
   PDATA SIZE       =   ----    ----
   DATA SIZE        =      2    ----
C51 COMPILER V9.00   TIMER                                                                 08/28/2019 16:25:12 PAGE 2   

   IDATA SIZE       =   ----    ----
   BIT SIZE         =   ----    ----
END OF MODULE INFORMATION.


C51 COMPILATION COMPLETE.  0 WARNING(S),  0 ERROR(S)
