C51 COMPILER V9.00   DELAY                                                                 09/23/2019 15:47:04 PAGE 1   


C51 COMPILER V9.00, COMPILATION OF MODULE DELAY
OBJECT MODULE PLACED IN .\output\delay.obj
COMPILER INVOKED BY: E:\KEIL4\C51\BIN\C51.EXE ..\user_lib\delay\delay.c BROWSE INCDIR(..\user_lib\delay;..\user_lib\usar
                    -t;..\user_lib\dht11;..\user_lib\single;..\main) DEBUG OBJECTEXTEND PRINT(.\delay.lst) OBJECT(.\output\delay.obj)

line level    source

   1          /***************************************************
   2           *         Author: Hoky GUAN                       *
   3           *         Date  : 2019/7/25                       *
   4           *         Last  : 2019/7/25                       *
   5           *         Notes : delay.c                         *
   6           **************************************************/
   7          #include "sys.h"
   8          #include "delay.h"
   9          
  10          void delay_ms(unsigned int xms)
  11          {
  12   1          unsigned char i;
  13   1          while(--xms)
  14   1          {
  15   2              for(i = 0; i < 110; i++);
  16   2          }
  17   1      }
  18          
  19          void delay_us(unsigned int xus)
  20          {       
  21   1              unsigned char i;
  22   1              i = xus;
  23   1          while(--i);
  24   1      }
  25          
  26          void delay_10us() 
  27          { 
  28   1              unsigned char i;
  29   1      
  30   1              i = 2;
  31   1              while (--i);
  32   1      }
  33          
  34          void delay_5us()        
  35          {
  36   1      }
  37          


MODULE INFORMATION:   STATIC OVERLAYABLE
   CODE SIZE        =     30    ----
   CONSTANT SIZE    =   ----    ----
   XDATA SIZE       =   ----    ----
   PDATA SIZE       =   ----    ----
   DATA SIZE        =   ----    ----
   IDATA SIZE       =   ----    ----
   BIT SIZE         =   ----    ----
END OF MODULE INFORMATION.


C51 COMPILATION COMPLETE.  0 WARNING(S),  0 ERROR(S)
