C51 COMPILER V9.00   DHT11                                                                 09/18/2019 16:58:45 PAGE 1   


C51 COMPILER V9.00, COMPILATION OF MODULE DHT11
OBJECT MODULE PLACED IN .\output\dht11.obj
COMPILER INVOKED BY: E:\KEIL4\C51\BIN\C51.EXE ..\user_lib\dht11\dht11.c BROWSE INCDIR(..\user_lib\delay;..\user_lib\usar
                    -t;..\user_lib\dht11;..\user_lib\single;..\main) DEBUG OBJECTEXTEND PRINT(.\dht11.lst) OBJECT(.\output\dht11.obj)

line level    source

   1          /***************************************************
   2           *         Author: Hoky GUAN                       *
   3           *         Date  : 2019/7/15                       *
   4           *         Last  : 2019/7/15                       *
   5           *         Notes : dht11.h                         *
   6           **************************************************/
   7          #include "sys.h"
   8          #include "dht11.h"
   9          #include "single.h"
  10          #include "delay.h"
  11          #include "stdio.h"
  12          
  13          dht11_data_t dht11_data;
  14          
  15          void dht11_enable(char enable)
  16          {
  17   1              single_enable(enable);
  18   1      }
  19          
  20          unsigned char dht11_read_data(void)
  21          {
  22   1              //single_reset_pin();
  23   1              P16     = 0;
  24   1              delay_ms(18);
  25   1              //single_set_pin();
  26   1              P16     = 1;
  27   1              delay_10us();
  28   1              delay_10us();
  29   1              delay_10us();
  30   1              if(P16 == Bit_RESET)
  31   1              {
  32   2                      while(P16 == Bit_RESET);
  33   2                      delay_10us();
  34   2                      delay_10us();
  35   2                      delay_10us();
  36   2                      delay_10us();
  37   2                      delay_10us();
  38   2                      delay_10us();
  39   2                      delay_10us();
  40   2                      delay_10us();
  41   2                      dht11_data.humi_int             = single_read_byte();
  42   2                      dht11_data.humi_deci    = single_read_byte();
  43   2                      dht11_data.temp_int             = single_read_byte();
  44   2                      dht11_data.temp_deci    = single_read_byte();
  45   2                      dht11_data.check_sum    = single_read_byte();
  46   2                      //single_set_pin();
  47   2                      P16 = 1;
  48   2                      if(dht11_data.check_sum == (dht11_data.humi_int + dht11_data.humi_deci + dht11_data.temp_int + dht11_dat
             -a.temp_deci))
  49   2                      {
  50   3                              return TRUE;
  51   3                      }       
  52   2                      else
  53   2                      {
C51 COMPILER V9.00   DHT11                                                                 09/18/2019 16:58:45 PAGE 2   

  54   3                              return FALSE;
  55   3                      }
  56   2                              
  57   2              }
  58   1              return FALSE;
  59   1      }
  60          
  61          unsigned char dht11_humi_int(void)
  62          {
  63   1              return dht11_data.humi_int;
  64   1      }
  65          
  66          unsigned char dht11_humi_deci(void)
  67          {
  68   1              return dht11_data.humi_deci;
  69   1      }
  70          
  71          unsigned char dht11_temp_int(void)
  72          {
  73   1              return dht11_data.temp_int;
  74   1      }
  75          
  76          unsigned char dht11_temp_deci(void)
  77          {
  78   1              return dht11_data.temp_deci;
  79   1      }
  80                  


MODULE INFORMATION:   STATIC OVERLAYABLE
   CODE SIZE        =    134    ----
   CONSTANT SIZE    =   ----    ----
   XDATA SIZE       =   ----    ----
   PDATA SIZE       =   ----    ----
   DATA SIZE        =      5    ----
   IDATA SIZE       =   ----    ----
   BIT SIZE         =   ----    ----
END OF MODULE INFORMATION.


C51 COMPILATION COMPLETE.  0 WARNING(S),  0 ERROR(S)
