C51 COMPILER V9.00   SINGLE                                                                09/23/2019 15:47:04 PAGE 1   


C51 COMPILER V9.00, COMPILATION OF MODULE SINGLE
OBJECT MODULE PLACED IN .\output\single.obj
COMPILER INVOKED BY: E:\KEIL4\C51\BIN\C51.EXE ..\user_lib\single\single.c BROWSE INCDIR(..\user_lib\delay;..\user_lib\us
                    -art;..\user_lib\dht11;..\user_lib\single;..\main) DEBUG OBJECTEXTEND PRINT(.\single.lst) OBJECT(.\output\single.obj)

line level    source

   1          /***************************************************
   2           *         Author: Hoky GUAN                       *
   3           *         Date  : 2019/7/15                       *
   4           *         Last  : 2019/7/15                       *
   5           *         Notes : single.c                        *
   6           **************************************************/
   7          #include "sys.h"
   8          #include "single.h"
   9          #include "delay.h"
  10          
  11          
  12          void single_enable(char enable)
  13          {
  14   1              if(enable == TRUE)
  15   1              {
  16   2                      GPIO_SetBits(P16);
  17   2              }
  18   1      }
  19          
  20          void single_set_pin(void)
  21          {
  22   1              GPIO_SetBits(P16);
  23   1      }
  24          
  25          void single_reset_pin(void)
  26          {
  27   1              GPIO_ResetBits(P16);
  28   1      }
  29          
  30          unsigned char single_read_pin(void)
  31          {
  32   1              return GPIO_ReadInputDataBit(P16);
  33   1      }
  34          
  35          unsigned char single_read_byte(void)
  36          {
  37   1              unsigned char i, value=0;
  38   1              for(i=0;i<8;i++)
  39   1              {          
  40   2              while(P16 == 0);
  41   2                      delay_10us();
  42   2                      delay_10us();
  43   2                      delay_10us();
  44   2                      delay_10us();
  45   2                      value<<=1;
  46   2                      if(P16 == 1)     
  47   2                      value=value|0x01;
  48   2              while(P16 == 1);    
  49   2          }  
  50   1          return value;
  51   1      }


MODULE INFORMATION:   STATIC OVERLAYABLE
C51 COMPILER V9.00   SINGLE                                                                09/23/2019 15:47:04 PAGE 2   

   CODE SIZE        =     65    ----
   CONSTANT SIZE    =   ----    ----
   XDATA SIZE       =   ----    ----
   PDATA SIZE       =   ----    ----
   DATA SIZE        =   ----       2
   IDATA SIZE       =   ----    ----
   BIT SIZE         =   ----    ----
END OF MODULE INFORMATION.


C51 COMPILATION COMPLETE.  0 WARNING(S),  0 ERROR(S)
