C51 COMPILER V9.00   MAIN                                                                  08/28/2019 16:25:12 PAGE 1   


C51 COMPILER V9.00, COMPILATION OF MODULE MAIN
OBJECT MODULE PLACED IN .\output\main.obj
COMPILER INVOKED BY: E:\KEIL4\C51\BIN\C51.EXE ..\main\main.c BROWSE INCDIR(..\main;..\user_lib\delay;..\user_lib\led;..\
                    -user_lib\timer) DEBUG OBJECTEXTEND PRINT(.\main.lst) OBJECT(.\output\main.obj)

line level    source

   1          #include <reg52.h>
   2          #include "sys.h"
   3          #include "delay.h"
   4          #include "led.h"
   5          #include "timer.h"
   6          
   7          void main()
   8          {
   9   1              led_enable(TRUE);
  10   1              timer_enable(TRUE);
  11   1              for(;;)
  12   1              {
  13   2                      GPIO_ResetBits(P12);
  14   2              }
  15   1      }


MODULE INFORMATION:   STATIC OVERLAYABLE
   CODE SIZE        =     14    ----
   CONSTANT SIZE    =   ----    ----
   XDATA SIZE       =   ----    ----
   PDATA SIZE       =   ----    ----
   DATA SIZE        =   ----    ----
   IDATA SIZE       =   ----    ----
   BIT SIZE         =   ----    ----
END OF MODULE INFORMATION.


C51 COMPILATION COMPLETE.  0 WARNING(S),  0 ERROR(S)
