C51 COMPILER V9.00   IIC                                                                   09/23/2019 15:35:06 PAGE 1   


C51 COMPILER V9.00, COMPILATION OF MODULE IIC
OBJECT MODULE PLACED IN .\output\iic.obj
COMPILER INVOKED BY: E:\KEIL4\C51\BIN\C51.EXE ..\user_lib\iic\iic.C BROWSE INCDIR(..\main;..\user_lib\delay;..\user_lib\
                    -iic;..\user_lib\oled) DEBUG OBJECTEXTEND PRINT(.\iic.lst) OBJECT(.\output\iic.obj)

line level    source

   1          /***************************************************
   2           *         Author: Hoky GUAN                       *
   3           *         Date  : 2019/7/25                       *
   4           *         Last  : 2019/7/25                       *
   5           *         Notes : iic.c                           *
   6           **************************************************/
   7          #include "sys.h"
   8          #include "iic.h"
   9          
  10          void IIC_Start()
  11          {
  12   1         GPIO_SetBits(P14);           
  13   1         GPIO_SetBits(P15);
  14   1         I2CDelay();
  15   1         GPIO_ResetBits(P15);
  16   1         I2CDelay();
  17   1         GPIO_ResetBits(P14);
  18   1      }
  19          
  20          void IIC_Stop()
  21          {
  22   1         GPIO_ResetBits(P14);
  23   1         GPIO_ResetBits(P15);
  24   1         I2CDelay();
  25   1         GPIO_SetBits(P14);
  26   1         I2CDelay();
  27   1         GPIO_SetBits(P15);
  28   1      }
  29          
  30          void IIC_Enable(char enable)
  31          {
  32   1              if(enable == TRUE)
  33   1              {
  34   2                      IIC_Start();
  35   2              }                                                                                                                                                                  
  36   1      }
  37          
  38          void IIC_Write_Byte(unsigned char IIC_Byte)
  39          {
  40   1              unsigned char i;
  41   1              for(i=0;i<8;i++)
  42   1              {
  43   2                      if(IIC_Byte & 0x80)
  44   2                              GPIO_SetBits(P15);
  45   2                      else
  46   2                              GPIO_ResetBits(P15);
  47   2                      I2CDelay();
  48   2                      GPIO_SetBits(P14);
  49   2                      I2CDelay();
  50   2                      GPIO_ResetBits(P14);
  51   2                      IIC_Byte<<=1;
  52   2              }
  53   1              GPIO_SetBits(P15);
  54   1              I2CDelay();
C51 COMPILER V9.00   IIC                                                                   09/23/2019 15:35:06 PAGE 2   

  55   1              GPIO_SetBits(P14);
  56   1              I2CDelay();
  57   1              GPIO_ResetBits(P14);
  58   1      }


MODULE INFORMATION:   STATIC OVERLAYABLE
   CODE SIZE        =     88    ----
   CONSTANT SIZE    =   ----    ----
   XDATA SIZE       =   ----    ----
   PDATA SIZE       =   ----    ----
   DATA SIZE        =   ----    ----
   IDATA SIZE       =   ----    ----
   BIT SIZE         =   ----    ----
END OF MODULE INFORMATION.


C51 COMPILATION COMPLETE.  0 WARNING(S),  0 ERROR(S)
