C51 COMPILER V9.00   MAIN                                                                  08/29/2019 15:39:31 PAGE 1   


C51 COMPILER V9.00, COMPILATION OF MODULE MAIN
OBJECT MODULE PLACED IN .\output\main.obj
COMPILER INVOKED BY: E:\KEIL4\C51\BIN\C51.EXE ..\main\main.c BROWSE INCDIR(..\main;..\user_lib\delay;..\user_lib\iic;..\
                    -user_lib\oled) DEBUG OBJECTEXTEND PRINT(.\main.lst) OBJECT(.\output\main.obj)

line level    source

   1          #include <reg52.h>
   2          #include "sys.h"
   3          #include "delay.h"
   4          #include "iic.h"
   5          #include "oled.h"
   6          
   7          int main(void)
   8          {       
   9   1              IIC_Enable(TRUE);
  10   1              oled_enable(TRUE);
  11   1              for(;;)
  12   1              {
  13   2                      oled_fill(0x00);
  14   2                      oled_show_string(24,3,"GND Studio",OLED_TEXT_SIZE_8X16);
  15   2                      while(1);
  16   2              }
  17   1      }


MODULE INFORMATION:   STATIC OVERLAYABLE
   CODE SIZE        =     35    ----
   CONSTANT SIZE    =     11    ----
   XDATA SIZE       =   ----    ----
   PDATA SIZE       =   ----    ----
   DATA SIZE        =   ----    ----
   IDATA SIZE       =   ----    ----
   BIT SIZE         =   ----    ----
END OF MODULE INFORMATION.


C51 COMPILATION COMPLETE.  0 WARNING(S),  0 ERROR(S)
