C51 COMPILER V9.00   USART                                                                 09/23/2019 15:34:22 PAGE 1   


C51 COMPILER V9.00, COMPILATION OF MODULE USART
OBJECT MODULE PLACED IN .\output\usart.obj
COMPILER INVOKED BY: E:\KEIL4\C51\BIN\C51.EXE ..\user_lib\usart\usart.c BROWSE INCDIR(..\main;..\user_lib\delay;..\user_
                    -lib\iic;..\user_lib\oled;..\user_lib\usart) DEBUG OBJECTEXTEND PRINT(.\usart.lst) OBJECT(.\output\usart.obj)

line level    source

   1          /***************************************************
   2           *         Author: Hoky GUAN                       *
   3           *         Date  : 2019/7/15                       *
   4           *         Last  : 2019/7/15                       *
   5           *         Notes : usart.c                         *
   6           **************************************************/
   7          #include "sys.h"
   8          #include "usart.h"
   9          
  10          void usart_init()
  11          {                                                                                         
  12   1              SCON = 0x50;
  13   1              TMOD = 0x20;
  14   1              PCON = 0x80;
  15   1              
  16   1              TH1 = 0xFA;
  17   1              TL1 = 0xFA;
  18   1              
  19   1              TR1 = 1 ;
  20   1              ES = 1;
  21   1              EA = 1;
  22   1              TI = 1;
  23   1      }
  24          
  25          void usart_enable(char enable)
  26          {
  27   1              if(enable == TRUE) 
  28   1              {
  29   2                      usart_init();
  30   2              }
  31   1      }


MODULE INFORMATION:   STATIC OVERLAYABLE
   CODE SIZE        =     31    ----
   CONSTANT SIZE    =   ----    ----
   XDATA SIZE       =   ----    ----
   PDATA SIZE       =   ----    ----
   DATA SIZE        =   ----    ----
   IDATA SIZE       =   ----    ----
   BIT SIZE         =   ----    ----
END OF MODULE INFORMATION.


C51 COMPILATION COMPLETE.  0 WARNING(S),  0 ERROR(S)
