C51 COMPILER V9.00   IWDG                                                                  09/02/2019 15:01:18 PAGE 1   


C51 COMPILER V9.00, COMPILATION OF MODULE IWDG
OBJECT MODULE PLACED IN .\output\iwdg.obj
COMPILER INVOKED BY: E:\KEIL4\C51\BIN\C51.EXE ..\user_lib\iwdg\iwdg.c BROWSE INCDIR(..\main;..\user_lib\delay;..\user_li
                    -b\iwdg;..\user_lib\key;..\user_lib\led) DEBUG OBJECTEXTEND PRINT(.\iwdg.lst) OBJECT(.\output\iwdg.obj)

line level    source

   1          #include "sys.h"
   2          #include "iwdg.h"
   3          
   4          sfr WDT_CONTR = 0xE1;
   5          
   6          void iwdg_init()
   7          {
   8   1               WDT_CONTR = 0x35;
   9   1      }
  10          
  11          void iwdg_enable(char enable)
  12          {
  13   1              if(enable == TRUE)
  14   1              {
  15   2                      iwdg_init();
  16   2              }
  17   1              else
  18   1                      WDT_CONTR &= 0xEF;      
  19   1      }
  20          
  21          void iwdg_feed(void)
  22          {   
  23   1              WDT_CONTR = 0x35;                                                                                  
  24   1      }


MODULE INFORMATION:   STATIC OVERLAYABLE
   CODE SIZE        =     18    ----
   CONSTANT SIZE    =   ----    ----
   XDATA SIZE       =   ----    ----
   PDATA SIZE       =   ----    ----
   DATA SIZE        =   ----    ----
   IDATA SIZE       =   ----    ----
   BIT SIZE         =   ----    ----
END OF MODULE INFORMATION.


C51 COMPILATION COMPLETE.  0 WARNING(S),  0 ERROR(S)
