C51 COMPILER V9.00   MAIN                                                                  09/02/2019 15:01:17 PAGE 1   


C51 COMPILER V9.00, COMPILATION OF MODULE MAIN
OBJECT MODULE PLACED IN .\output\main.obj
COMPILER INVOKED BY: E:\KEIL4\C51\BIN\C51.EXE ..\main\main.c BROWSE INCDIR(..\main;..\user_lib\delay;..\user_lib\iwdg;..
                    -\user_lib\key;..\user_lib\led) DEBUG OBJECTEXTEND PRINT(.\main.lst) OBJECT(.\output\main.obj)

line level    source

   1          /***************************************************
   2           *         Author: Hoky GUAN                       *
   3           *         Date  : 2019/7/12                       *
   4           *         Last  : 2019/7/12                       *
   5           *         Notes : ø¥√≈π∑                          *
   6           **************************************************/
   7          #include <reg52.h>
   8          #include "sys.h"
   9          #include "led.h"
  10          #include "key.h"
  11          #include "delay.h"
  12          #include "iwdg.h"
  13          
  14          void main(void)
  15          {       
  16   1              iwdg_enable(TRUE);
  17   1              led_enable(TRUE);
  18   1              key_enable(TRUE);
  19   1      
  20   1              
  21   1              GPIO_SetBits(P22);
  22   1              GPIO_SetBits(P24);
  23   1              delay_ms(500);
  24   1              GPIO_ResetBits(P22);
  25   1              GPIO_ResetBits(P24);
  26   1              
  27   1              
  28   1              for(;;)
  29   1              {
  30   2                      if(GPIO_ReadInputDataBit(P33) == 0)
  31   2                      {
  32   3                              delay_ms(10);
  33   3                              if(GPIO_ReadInputDataBit(P33) == 0)
  34   3                              {
  35   4                                      iwdg_feed();
  36   4                              }
  37   3                      }
  38   2              }
  39   1      }


MODULE INFORMATION:   STATIC OVERLAYABLE
   CODE SIZE        =     48    ----
   CONSTANT SIZE    =   ----    ----
   XDATA SIZE       =   ----    ----
   PDATA SIZE       =   ----    ----
   DATA SIZE        =   ----    ----
   IDATA SIZE       =   ----    ----
   BIT SIZE         =   ----    ----
END OF MODULE INFORMATION.


C51 COMPILATION COMPLETE.  0 WARNING(S),  0 ERROR(S)
