C51 COMPILER V9.00   MAIN                                                                  08/28/2019 14:04:16 PAGE 1   


C51 COMPILER V9.00, COMPILATION OF MODULE MAIN
OBJECT MODULE PLACED IN .\output\main.obj
COMPILER INVOKED BY: E:\KEIL4\C51\BIN\C51.EXE ..\main\main.c BROWSE INCDIR(..\user_lib\delay;..\user_lib\pwm;..\main) DE
                    -BUG OBJECTEXTEND PRINT(.\main.lst) OBJECT(.\output\main.obj)

line level    source

   1          /***************************************************
   2           *         Author: Hoky GUAN                       *
   3           *         Date  : 2019/7/12                       *
   4           *         Last  : 2019/7/12                       *
   5           *         Notes : Ä£ÄâPWM---ºôÎüµÆ                *
   6           **************************************************/
   7          #include "sys.h"
   8          #include "delay.h"
   9          #include "pwm.h"
  10          
  11          void main()
  12          {
  13   1              pwm_enable(TRUE);
  14   1              while(1)
  15   1              {
  16   2                      unsigned char i;
  17   2                      for(i = 100; i > 0; i-=10)
  18   2                      {
  19   3                              pwm_config(i);
  20   3                              delay_ms(100);
  21   3                      }
  22   2                      for(i = 0; i < 100; i+=10)
  23   2                      {
  24   3                              pwm_config(i);
  25   3                              delay_ms(100);
  26   3                      }
  27   2              }
  28   1      }


MODULE INFORMATION:   STATIC OVERLAYABLE
   CODE SIZE        =     65    ----
   CONSTANT SIZE    =   ----    ----
   XDATA SIZE       =   ----    ----
   PDATA SIZE       =   ----    ----
   DATA SIZE        =   ----       1
   IDATA SIZE       =   ----    ----
   BIT SIZE         =   ----    ----
END OF MODULE INFORMATION.


C51 COMPILATION COMPLETE.  0 WARNING(S),  0 ERROR(S)
