C51 COMPILER V9.00   USART                                                                 09/18/2019 14:39:04 PAGE 1   


C51 COMPILER V9.00, COMPILATION OF MODULE USART
OBJECT MODULE PLACED IN .\output\usart.obj
COMPILER INVOKED BY: E:\KEIL4\C51\BIN\C51.EXE ..\user_lib\usart\usart.c BROWSE INCDIR(..\user_lib\delay;..\user_lib\usar
                    -t;..\main) DEBUG OBJECTEXTEND PRINT(.\usart.lst) OBJECT(.\output\usart.obj)

line level    source

   1          /***************************************************
   2           *         Author: Hoky GUAN                       *
   3           *         Date  : 2019/7/15                       *
   4           *         Last  : 2019/7/15                       *
   5           *         Notes : usart.c                         *
   6           **************************************************/
   7          #include "sys.h"
   8          #include "usart.h"
   9          
  10          sfr AUXR   = 0x8E;
  11          
  12          void usart_init()
  13          {                                                                                         
  14   1              SCON = 0x50;
  15   1              TMOD = 0x20;
  16   1              PCON = 0x80;
  17   1              
  18   1              TH1 = 0xFA;
  19   1              TL1 = 0xFA;
  20   1              
  21   1              TR1 = 1 ;
  22   1              ES = 1;
  23   1              EA = 1;
  24   1              TI = 1;
  25   1      
  26   1      }
  27          
  28          void Usart_Enable(char enable)
  29          {
  30   1              if(enable == TRUE) 
  31   1              {
  32   2                      usart_init();
  33   2              }
  34   1      }


MODULE INFORMATION:   STATIC OVERLAYABLE
   CODE SIZE        =     31    ----
   CONSTANT SIZE    =   ----    ----
   XDATA SIZE       =   ----    ----
   PDATA SIZE       =   ----    ----
   DATA SIZE        =   ----    ----
   IDATA SIZE       =   ----    ----
   BIT SIZE         =   ----    ----
END OF MODULE INFORMATION.


C51 COMPILATION COMPLETE.  0 WARNING(S),  0 ERROR(S)
