C51 COMPILER V9.00   MAIN                                                                  08/23/2019 11:40:27 PAGE 1   


C51 COMPILER V9.00, COMPILATION OF MODULE MAIN
OBJECT MODULE PLACED IN .\output\main.obj
COMPILER INVOKED BY: E:\KEIL4\C51\BIN\C51.EXE ..\main\main.c BROWSE INCDIR(..\user_lib\delay;..\user_lib\usart;..\user_l
                    -ib\dht11;..\user_lib\single;..\main) DEBUG OBJECTEXTEND PRINT(.\main.lst) OBJECT(.\output\main.obj)

line level    source

   1          #include <reg52.h>
   2          #include <stdio.h>
   3          #include "sys.h"
   4          #include "delay.h"
   5          #include "dht11.h"
   6          #include "usart.h"
   7          
   8          void main()
   9          {
  10   1              Usart_Enable(TRUE);
  11   1              dht11_enable(TRUE);
  12   1              for(;;)
  13   1              {
  14   2                      if(dht11_read_data() == TRUE)
  15   2                      {
  16   3                              printf("湿度为%d.%d ％RH ，温度为 %d.%d℃ \n", dht11_humi_int(), dht11_humi_deci(), dht11_temp_int(), d
             -ht11_temp_deci());
  17   3                      }
  18   2                      else
  19   2                      {
  20   3                              printf("read error\n");
  21   3                      }
  22   2                      delay_ms(1000);
  23   2              }
  24   1      }


MODULE INFORMATION:   STATIC OVERLAYABLE
   CODE SIZE        =     82    ----
   CONSTANT SIZE    =     48    ----
   XDATA SIZE       =   ----    ----
   PDATA SIZE       =   ----    ----
   DATA SIZE        =   ----    ----
   IDATA SIZE       =   ----    ----
   BIT SIZE         =   ----    ----
END OF MODULE INFORMATION.


C51 COMPILATION COMPLETE.  0 WARNING(S),  0 ERROR(S)
